/index.php
/controller/static load fail.
2018-03-20 15:43:19
::1

/index.php
/controller/static load fail.
2018-03-20 16:07:01
::1

/index.php
/controller/static load fail.
2018-03-20 16:07:40
::1

/index.php
/controller/static load fail.
2018-03-20 16:16:38
::1

/index.php
/controller/static load fail.
2018-03-20 16:22:26
::1

/index.php
/controller/static load fail.
2018-03-20 17:01:00
::1

/index.php
/controller/style load fail.
2018-03-20 17:10:09
::1

/index.php
/controller/style load fail.
2018-03-20 17:10:09
::1

/index.php
/controller/pay load fail.
2018-03-20 17:10:24
::1

/index.php
/controller/style load fail.
2018-03-20 17:13:01
::1

/index.php
/controller/style load fail.
2018-03-20 17:13:01
::1

/index.php
/controller/style load fail.
2018-03-20 17:56:25
::1

/index.php
/controller/style load fail.
2018-03-20 17:56:25
::1

