/index.php
/controller/static load fail.
2018-03-26 20:05:46
::1

/index.php
/controller/static load fail.
2018-03-26 20:06:21
::1

/index.php
/controller/dem_jialian load fail.
2018-03-26 20:15:09
::1

/index.php
/controller/pay load fail.
2018-03-26 20:17:48
::1

/index.php
/controller/pay load fail.
2018-03-26 20:18:22
::1

/index.php
/controller/pay load fail.
2018-03-26 20:18:37
::1

/index.php
/controller/pay load fail.
2018-03-26 20:23:16
::1

/index.php
/controller/pay load fail.
2018-03-26 20:26:17
::1

